<?xml version="1.0" encoding="UTF-8" ?>
<testsuite failures="3" time="37.742" errors="0" skipped="0" tests="41" name="TestSuite">
  <properties>
    <property name="java.runtime.name" value="Java(TM) SE Runtime Environment"/>
    <property name="sun.boot.library.path" value="/System/Library/Java/JavaVirtualMachines/1.6.0.jdk/Contents/Libraries"/>
    <property name="java.vm.version" value="20.51-b01-457"/>
    <property name="awt.nativeDoubleBuffering" value="true"/>
    <property name="gopherProxySet" value="false"/>
    <property name="mrj.build" value="11M4509"/>
    <property name="java.vm.vendor" value="Apple Inc."/>
    <property name="java.vendor.url" value="http://www.apple.com/"/>
    <property name="path.separator" value=":"/>
    <property name="java.vm.name" value="Java HotSpot(TM) 64-Bit Server VM"/>
    <property name="file.encoding.pkg" value="sun.io"/>
    <property name="user.country" value="ES"/>
    <property name="sun.java.launcher" value="SUN_STANDARD"/>
    <property name="sun.os.patch.level" value="unknown"/>
    <property name="java.vm.specification.name" value="Java Virtual Machine Specification"/>
    <property name="user.dir" value="/Users/jonny/workspace/si/backend/spider"/>
    <property name="java.runtime.version" value="1.6.0_51-b11-457-11M4509"/>
    <property name="java.awt.graphicsenv" value="apple.awt.CGraphicsEnvironment"/>
    <property name="basedir" value="/Users/jonny/workspace/si/backend/spider"/>
    <property name="java.endorsed.dirs" value="/System/Library/Java/JavaVirtualMachines/1.6.0.jdk/Contents/Home/lib/endorsed"/>
    <property name="os.arch" value="x86_64"/>
    <property name="surefire.real.class.path" value="/Users/jonny/workspace/si/backend/spider/target/surefire/surefirebooter2565474428690428676.jar"/>
    <property name="java.io.tmpdir" value="/var/folders/qm/dwdqlsc106g2slm2f6pgfdjw0000gn/T/"/>
    <property name="line.separator" value="
"/>
    <property name="java.vm.specification.vendor" value="Sun Microsystems Inc."/>
    <property name="os.name" value="Mac OS X"/>
    <property name="sun.jnu.encoding" value="MacRoman"/>
    <property name="java.library.path" value=".:/Library/Java/Extensions:/System/Library/Java/Extensions:/usr/lib/java"/>
    <property name="surefire.test.class.path" value="/Users/jonny/workspace/si/backend/spider/target/test-classes:/Users/jonny/workspace/si/backend/spider/target/classes:/Users/jonny/.m2/repository/org/testng/testng/6.7/testng-6.7.jar:/Users/jonny/.m2/repository/junit/junit/4.10/junit-4.10.jar:/Users/jonny/.m2/repository/org/hamcrest/hamcrest-core/1.1/hamcrest-core-1.1.jar:/Users/jonny/.m2/repository/org/beanshell/bsh/2.0b4/bsh-2.0b4.jar:/Users/jonny/.m2/repository/com/beust/jcommander/1.12/jcommander-1.12.jar:/Users/jonny/.m2/repository/org/yaml/snakeyaml/1.6/snakeyaml-1.6.jar:/Users/jonny/.m2/repository/com/socialintellegentia/common-helpers/1.0-SNAPSHOT/common-helpers-1.0-SNAPSHOT.jar:/Users/jonny/.m2/repository/com/androidxtrem/commonsHelpers/1.0-SNAPSHOT/commonsHelpers-1.0-SNAPSHOT.jar:/Users/jonny/.m2/repository/org/sweble/wikitext/swc-engine/1.1.0/swc-engine-1.1.0.jar:/Users/jonny/.m2/repository/log4j/log4j/1.2.14/log4j-1.2.14.jar:/Users/jonny/.m2/repository/org/sweble/wikitext/swc-parser-lazy/1.1.0/swc-parser-lazy-1.1.0.jar:/Users/jonny/.m2/repository/de/fau/cs/osr/ptk/ptk-common/1.1.0/ptk-common-1.1.0.jar:/Users/jonny/.m2/repository/commons-jxpath/commons-jxpath/1.3/commons-jxpath-1.3.jar:/Users/jonny/.m2/repository/xtc/rats-runtime/1.15.0/rats-runtime-1.15.0.jar:/Users/jonny/.m2/repository/de/fau/cs/osr/utils/utils/0.3.0/utils-0.3.0.jar:/Users/jonny/.m2/repository/commons-collections/commons-collections/3.2.1/commons-collections-3.2.1.jar:/Users/jonny/.m2/repository/net/sf/jopt-simple/jopt-simple/4.3/jopt-simple-4.3.jar:/Users/jonny/.m2/repository/commons-lang/commons-lang/2.5/commons-lang-2.5.jar:/Users/jonny/.m2/repository/org/jsoup/jsoup/1.6.3/jsoup-1.6.3.jar:/Users/jonny/.m2/repository/net/java/textile-j/2.2/textile-j-2.2.jar:/Users/jonny/.m2/repository/nl/siegmann/epublib/epublib-core/3.1/epublib-core-3.1.jar:/Users/jonny/.m2/repository/net/sf/kxml/kxml2/2.3.0/kxml2-2.3.0.jar:/Users/jonny/.m2/repository/xmlpull/xmlpull/1.1.3.4d_b4_min/xmlpull-1.1.3.4d_b4_min.jar:/Users/jonny/.m2/repository/org/slf4j/slf4j-api/1.6.1/slf4j-api-1.6.1.jar:/Users/jonny/.m2/repository/org/slf4j/slf4j-simple/1.6.1/slf4j-simple-1.6.1.jar:/Users/jonny/.m2/repository/org/apache/commons/commons-lang3/3.1/commons-lang3-3.1.jar:/Users/jonny/.m2/repository/commons-io/commons-io/1.3.2/commons-io-1.3.2.jar:/Users/jonny/.m2/repository/net/htmlparser/jericho/jericho-html/3.2/jericho-html-3.2.jar:/Users/jonny/.m2/repository/org/apache/poi/poi/3.8-beta5/poi-3.8-beta5.jar:/Users/jonny/.m2/repository/com/google/code/gson/gson/2.1/gson-2.1.jar:/Users/jonny/.m2/repository/jtidy/jtidy/4aug2000r7-dev/jtidy-4aug2000r7-dev.jar:/Users/jonny/.m2/repository/commons-httpclient/commons-httpclient/3.1/commons-httpclient-3.1.jar:/Users/jonny/.m2/repository/commons-logging/commons-logging/1.0.4/commons-logging-1.0.4.jar:/Users/jonny/.m2/repository/commons-codec/commons-codec/1.2/commons-codec-1.2.jar:"/>
    <property name="java.specification.name" value="Java Platform API Specification"/>
    <property name="java.class.version" value="50.0"/>
    <property name="sun.management.compiler" value="HotSpot 64-Bit Tiered Compilers"/>
    <property name="os.version" value="10.8.4"/>
    <property name="http.nonProxyHosts" value="local|*.local|169.254/16|*.169.254/16"/>
    <property name="user.home" value="/Users/jonny"/>
    <property name="user.timezone" value="Europe/Madrid"/>
    <property name="java.awt.printerjob" value="apple.awt.CPrinterJob"/>
    <property name="java.specification.version" value="1.6"/>
    <property name="file.encoding" value="MacRoman"/>
    <property name="user.name" value="jonny"/>
    <property name="java.class.path" value="/Users/jonny/workspace/si/backend/spider/target/test-classes:/Users/jonny/workspace/si/backend/spider/target/classes:/Users/jonny/.m2/repository/org/testng/testng/6.7/testng-6.7.jar:/Users/jonny/.m2/repository/junit/junit/4.10/junit-4.10.jar:/Users/jonny/.m2/repository/org/hamcrest/hamcrest-core/1.1/hamcrest-core-1.1.jar:/Users/jonny/.m2/repository/org/beanshell/bsh/2.0b4/bsh-2.0b4.jar:/Users/jonny/.m2/repository/com/beust/jcommander/1.12/jcommander-1.12.jar:/Users/jonny/.m2/repository/org/yaml/snakeyaml/1.6/snakeyaml-1.6.jar:/Users/jonny/.m2/repository/com/socialintellegentia/common-helpers/1.0-SNAPSHOT/common-helpers-1.0-SNAPSHOT.jar:/Users/jonny/.m2/repository/com/androidxtrem/commonsHelpers/1.0-SNAPSHOT/commonsHelpers-1.0-SNAPSHOT.jar:/Users/jonny/.m2/repository/org/sweble/wikitext/swc-engine/1.1.0/swc-engine-1.1.0.jar:/Users/jonny/.m2/repository/log4j/log4j/1.2.14/log4j-1.2.14.jar:/Users/jonny/.m2/repository/org/sweble/wikitext/swc-parser-lazy/1.1.0/swc-parser-lazy-1.1.0.jar:/Users/jonny/.m2/repository/de/fau/cs/osr/ptk/ptk-common/1.1.0/ptk-common-1.1.0.jar:/Users/jonny/.m2/repository/commons-jxpath/commons-jxpath/1.3/commons-jxpath-1.3.jar:/Users/jonny/.m2/repository/xtc/rats-runtime/1.15.0/rats-runtime-1.15.0.jar:/Users/jonny/.m2/repository/de/fau/cs/osr/utils/utils/0.3.0/utils-0.3.0.jar:/Users/jonny/.m2/repository/commons-collections/commons-collections/3.2.1/commons-collections-3.2.1.jar:/Users/jonny/.m2/repository/net/sf/jopt-simple/jopt-simple/4.3/jopt-simple-4.3.jar:/Users/jonny/.m2/repository/commons-lang/commons-lang/2.5/commons-lang-2.5.jar:/Users/jonny/.m2/repository/org/jsoup/jsoup/1.6.3/jsoup-1.6.3.jar:/Users/jonny/.m2/repository/net/java/textile-j/2.2/textile-j-2.2.jar:/Users/jonny/.m2/repository/nl/siegmann/epublib/epublib-core/3.1/epublib-core-3.1.jar:/Users/jonny/.m2/repository/net/sf/kxml/kxml2/2.3.0/kxml2-2.3.0.jar:/Users/jonny/.m2/repository/xmlpull/xmlpull/1.1.3.4d_b4_min/xmlpull-1.1.3.4d_b4_min.jar:/Users/jonny/.m2/repository/org/slf4j/slf4j-api/1.6.1/slf4j-api-1.6.1.jar:/Users/jonny/.m2/repository/org/slf4j/slf4j-simple/1.6.1/slf4j-simple-1.6.1.jar:/Users/jonny/.m2/repository/org/apache/commons/commons-lang3/3.1/commons-lang3-3.1.jar:/Users/jonny/.m2/repository/commons-io/commons-io/1.3.2/commons-io-1.3.2.jar:/Users/jonny/.m2/repository/net/htmlparser/jericho/jericho-html/3.2/jericho-html-3.2.jar:/Users/jonny/.m2/repository/org/apache/poi/poi/3.8-beta5/poi-3.8-beta5.jar:/Users/jonny/.m2/repository/com/google/code/gson/gson/2.1/gson-2.1.jar:/Users/jonny/.m2/repository/jtidy/jtidy/4aug2000r7-dev/jtidy-4aug2000r7-dev.jar:/Users/jonny/.m2/repository/commons-httpclient/commons-httpclient/3.1/commons-httpclient-3.1.jar:/Users/jonny/.m2/repository/commons-logging/commons-logging/1.0.4/commons-logging-1.0.4.jar:/Users/jonny/.m2/repository/commons-codec/commons-codec/1.2/commons-codec-1.2.jar:"/>
    <property name="java.vm.specification.version" value="1.0"/>
    <property name="sun.arch.data.model" value="64"/>
    <property name="java.home" value="/System/Library/Java/JavaVirtualMachines/1.6.0.jdk/Contents/Home"/>
    <property name="sun.java.command" value="/Users/jonny/workspace/si/backend/spider/target/surefire/surefirebooter2565474428690428676.jar /Users/jonny/workspace/si/backend/spider/target/surefire/surefire1642356833858347067tmp /Users/jonny/workspace/si/backend/spider/target/surefire/surefire1948736612864284174tmp"/>
    <property name="java.specification.vendor" value="Sun Microsystems Inc."/>
    <property name="user.language" value="es"/>
    <property name="awt.toolkit" value="apple.awt.CToolkit"/>
    <property name="java.vm.info" value="mixed mode"/>
    <property name="java.version" value="1.6.0_51"/>
    <property name="java.ext.dirs" value="/Library/Java/Extensions:/System/Library/Java/Extensions:/System/Library/Java/JavaVirtualMachines/1.6.0.jdk/Contents/Home/lib/ext"/>
    <property name="sun.boot.class.path" value="/System/Library/Java/JavaVirtualMachines/1.6.0.jdk/Contents/Classes/jsfd.jar:/System/Library/Java/JavaVirtualMachines/1.6.0.jdk/Contents/Classes/classes.jar:/System/Library/Frameworks/JavaVM.framework/Frameworks/JavaRuntimeSupport.framework/Resources/Java/JavaRuntimeSupport.jar:/System/Library/Java/JavaVirtualMachines/1.6.0.jdk/Contents/Classes/ui.jar:/System/Library/Java/JavaVirtualMachines/1.6.0.jdk/Contents/Classes/laf.jar:/System/Library/Java/JavaVirtualMachines/1.6.0.jdk/Contents/Classes/sunrsasign.jar:/System/Library/Java/JavaVirtualMachines/1.6.0.jdk/Contents/Classes/jsse.jar:/System/Library/Java/JavaVirtualMachines/1.6.0.jdk/Contents/Classes/jce.jar:/System/Library/Java/JavaVirtualMachines/1.6.0.jdk/Contents/Classes/charsets.jar"/>
    <property name="java.vendor" value="Apple Inc."/>
    <property name="localRepository" value="/Users/jonny/.m2/repository"/>
    <property name="file.separator" value="/"/>
    <property name="java.vendor.url.bug" value="http://bugreport.apple.com/"/>
    <property name="sun.cpu.endian" value="little"/>
    <property name="sun.io.unicode.encoding" value="UnicodeLittle"/>
    <property name="mrj.version" value="1070.1.6.0_51-457"/>
    <property name="socksNonProxyHosts" value="local|*.local|169.254/16|*.169.254/16"/>
    <property name="ftp.nonProxyHosts" value="local|*.local|169.254/16|*.169.254/16"/>
    <property name="sun.cpu.isalist" value=""/>
  </properties>
  <testcase time="0" classname="com.apiumtech.spider.agent.AgentPaginasAmarillasEnterpriseEsTest" name="testRun"/>
  <testcase time="3.044" classname="com.apiumtech.spider.agent.AgentPaginasAmarillasEnterpriseEsTest" name="test_parseURL_paginasamarillasUrl_">
    <failure message="expected:&lt;12&gt; but was:&lt;0&gt;" type="junit.framework.AssertionFailedError">junit.framework.AssertionFailedError: expected:&lt;12&gt; but was:&lt;0&gt;
	at junit.framework.Assert.fail(Assert.java:50)
	at junit.framework.Assert.failNotEquals(Assert.java:287)
	at junit.framework.Assert.assertEquals(Assert.java:67)
	at junit.framework.Assert.assertEquals(Assert.java:199)
	at junit.framework.Assert.assertEquals(Assert.java:205)
	at com.apiumtech.spider.agent.AgentPaginasAmarillasEnterpriseEsTest.test_parseURL_paginasamarillasUrl_(AgentPaginasAmarillasEnterpriseEsTest.java:42)
</failure>
    <system-out>getRequest error: class(class java.io.IOException), message(Unable to create folder [/home/fjhidalgo/workspace/spider/src/test/resources/spider/cachefolder]), url(http://www.paginasamarillas.es/search/buceo/all-ma/all-pr/all-is/all-ci/all-ba/all-pu/all-nc/1)
</system-out>
  </testcase>
  <testcase time="0" classname="com.apiumtech.spider.si.AgentSiRSS_Test" name="test_Name"/>
  <testcase time="0.056" classname="com.apiumtech.spider.si.AgentSiRSS_Test" name="test_getRequest_"/>
  <testcase time="0.061" classname="com.apiumtech.spider.si.AgentSiRSS_Test" name="test_start_feedRootPage"/>
  <testcase time="0" classname="com.apiumtech.spider.agent.AgentsManagerTest" name="testRun"/>
  <testcase time="0" classname="com.apiumtech.spider.agent.AgentsManagerTest" name="testStopAgentsManager"/>
  <testcase time="0" classname="com.apiumtech.spider.HttpDownloaderTest" name="testGetProxy"/>
  <testcase time="0.784" classname="com.apiumtech.spider.HttpDownloaderTest" name="testGetRequest"/>
  <testcase time="0" classname="com.apiumtech.spider.HttpDownloaderTest" name="testGetRequestBinary"/>
  <testcase time="0" classname="com.apiumtech.spider.HttpDownloaderTest" name="testIsInCache"/>
  <testcase time="0" classname="com.apiumtech.spider.HttpDownloaderTest" name="testPostRequest"/>
  <testcase time="0" classname="com.apiumtech.spider.HttpDownloaderTest" name="testSetProxy"/>
  <testcase time="0" classname="com.apiumtech.spider.HttpDownloaderTest" name="test_getCacheFileName_url_parsedUrlWritebleToFile"/>
  <testcase time="0.001" classname="com.apiumtech.spider.parser.PaginasAmarillasFichaParserTest" name="testGetTitleFromPAHtml"/>
  <testcase time="0" classname="com.apiumtech.spider.parser.PaginasAmarillasFichaParserTest" name="testParseTxtToHTml"/>
  <testcase time="0.001" classname="com.apiumtech.spider.parser.PaginasAmarillasFichaParserTest" name="test_getAddressFromPAHtml"/>
  <testcase time="0.005" classname="com.apiumtech.spider.parser.PaginasAmarillasFichaParserTest" name="test_getEnterpriseDataFromPAHtml"/>
  <testcase time="0" classname="com.apiumtech.spider.parser.PaginasAmarillasFichaParserTest" name="test_getEnterpriseIdPAHtml"/>
  <testcase time="0" classname="com.apiumtech.spider.parser.PaginasAmarillasFichaParserTest" name="test_getLocalityFromPAHtml"/>
  <testcase time="0.001" classname="com.apiumtech.spider.parser.PaginasAmarillasFichaParserTest" name="test_getParamsFromPAHtml"/>
  <testcase time="0.001" classname="com.apiumtech.spider.parser.PaginasAmarillasFichaParserTest" name="test_getPhoneDataFromPAHtml"/>
  <testcase time="0" classname="com.apiumtech.spider.parser.PaginasAmarillasFichaParserTest" name="test_getPostalCodeFromPAHtml"/>
  <testcase time="0" classname="com.apiumtech.spider.parser.PaginasAmarillasFichaParserTest" name="test_getRegionFromPAHtml"/>
  <testcase time="0" classname="com.apiumtech.spider.parser.SeccionAmarillaMeFichaParserTest" name="testParseTxtToHTml"/>
  <testcase time="0" classname="com.apiumtech.spider.parser.SeccionAmarillaMeFichaParserTest" name="test_getAddressFromPAHtml"/>
  <testcase time="0" classname="com.apiumtech.spider.parser.SeccionAmarillaMeFichaParserTest" name="test_getCategoriaFromPAHtml"/>
  <testcase time="0" classname="com.apiumtech.spider.parser.SeccionAmarillaMeFichaParserTest" name="test_getLocalityFromPAHtml"/>
  <testcase time="0" classname="com.apiumtech.spider.parser.SeccionAmarillaMeFichaParserTest" name="test_getPhoneFromPAHtml"/>
  <testcase time="0.001" classname="com.apiumtech.spider.parser.SeccionAmarillaMeFichaParserTest" name="test_getPostalCodeFromPAHtml"/>
  <testcase time="0" classname="com.apiumtech.spider.parser.SeccionAmarillaMeFichaParserTest" name="test_getTitleFromPAHtml"/>
  <testcase time="0.002" classname="com.apiumtech.spider.util.SpiderGettedFileTest" name="test_createCSVfromGettedFolder">
    <failure type="java.lang.NullPointerException">java.lang.NullPointerException
	at com.apiumtech.spider.util.SpiderGettedFile.getDataFromGettedFolder(SpiderGettedFile.java:67)
	at com.apiumtech.spider.util.SpiderGettedFile.createCSVfromGettedFolder(SpiderGettedFile.java:90)
	at com.apiumtech.spider.util.SpiderGettedFileTest.test_createCSVfromGettedFolder(SpiderGettedFileTest.java:71)
</failure>
  </testcase>
  <testcase time="0.002" classname="com.apiumtech.spider.util.SpiderGettedFileTest" name="test_getDataFromGettedFolder">
    <failure type="java.lang.NullPointerException">java.lang.NullPointerException
	at com.apiumtech.spider.util.SpiderGettedFile.getDataFromGettedFolder(SpiderGettedFile.java:67)
	at com.apiumtech.spider.util.SpiderGettedFileTest.test_getDataFromGettedFolder(SpiderGettedFileTest.java:64)
</failure>
  </testcase>
  <testcase time="0.001" classname="com.apiumtech.spider.util.SpiderGettedFileTest" name="test_parseFaxNumber_"/>
  <testcase time="0" classname="com.apiumtech.spider.util.SpiderGettedFileTest" name="test_parseFaxNumber_"/>
  <testcase time="0" classname="com.apiumtech.spider.util.SpiderGettedFileTest" name="test_parseFaxNumber_"/>
  <testcase time="0" classname="com.apiumtech.spider.util.SpiderGettedFileTest" name="test_parseFaxNumber_"/>
  <testcase time="0.001" classname="com.apiumtech.spider.util.SpiderGettedFileTest" name="test_parseFaxNumber_"/>
  <testcase time="0.001" classname="com.apiumtech.spider.util.SpiderGettedFileTest" name="test_parseFaxNumber_"/>
  <testcase time="8.08" classname="com.apiumtech.spider.SpiderGutenbergTest" name="test_do"/>
  <testcase time="10.367" classname="com.apiumtech.spider.si.SpiderSiRSS_Test" name="test_getNewsFromRSSserver_foxRSS_searchRSSfeeds"/>
</testsuite>