<?xml version="1.0" encoding="UTF-8"?>
<!-- Generated by org.testng.reporters.JUnitReportReporter -->
<testsuite hostname="macbook-pro-de-evgeny-predein.local" name="com.apiumtech.spider.agent.AgentPaginasAmarillasEnterpriseEsTest" tests="1" failures="0" timestamp="5 Jul 2013 15:55:02 GMT" time="0.012" errors="0">
  <testcase name="testRun" time="0.012" classname="com.apiumtech.spider.agent.AgentPaginasAmarillasEnterpriseEsTest"/>
</testsuite> <!-- com.apiumtech.spider.agent.AgentPaginasAmarillasEnterpriseEsTest -->
