<?xml version="1.0" encoding="UTF-8"?>
<!-- Generated by org.testng.reporters.JUnitReportReporter -->
<testsuite hostname="macbook-pro-de-evgeny-predein.local" name="com.apiumtech.spider.SpiderGutenbergTest" tests="1" failures="0" timestamp="5 Jul 2013 15:41:56 GMT" time="19.411" errors="0">
  <testcase name="test_do" time="19.411" classname="com.apiumtech.spider.SpiderGutenbergTest"/>
</testsuite> <!-- com.apiumtech.spider.SpiderGutenbergTest -->
