<?xml version="1.0" encoding="UTF-8"?>
<!-- Generated by org.testng.reporters.JUnitReportReporter -->
<testsuite hostname="macbook-pro-de-evgeny-predein.local" name="com.apiumtech.spider.parser.SeccionAmarillaMeFichaParserTest" tests="7" failures="0" timestamp="5 Jul 2013 15:55:02 GMT" time="0.004" errors="0">
  <testcase name="test_getCategoriaFromPAHtml" time="0.001" classname="com.apiumtech.spider.parser.SeccionAmarillaMeFichaParserTest"/>
  <testcase name="test_getLocalityFromPAHtml" time="0.000" classname="com.apiumtech.spider.parser.SeccionAmarillaMeFichaParserTest"/>
  <testcase name="test_getPhoneFromPAHtml" time="0.000" classname="com.apiumtech.spider.parser.SeccionAmarillaMeFichaParserTest"/>
  <testcase name="test_getTitleFromPAHtml" time="0.000" classname="com.apiumtech.spider.parser.SeccionAmarillaMeFichaParserTest"/>
  <testcase name="test_getPostalCodeFromPAHtml" time="0.000" classname="com.apiumtech.spider.parser.SeccionAmarillaMeFichaParserTest"/>
  <testcase name="testParseTxtToHTml" time="0.001" classname="com.apiumtech.spider.parser.SeccionAmarillaMeFichaParserTest"/>
  <testcase name="test_getAddressFromPAHtml" time="0.002" classname="com.apiumtech.spider.parser.SeccionAmarillaMeFichaParserTest"/>
</testsuite> <!-- com.apiumtech.spider.parser.SeccionAmarillaMeFichaParserTest -->
