<?xml version="1.0" encoding="UTF-8"?>
<!-- Generated by org.testng.reporters.JUnitReportReporter -->
<testsuite hostname="macbook-pro-de-evgeny-predein.local" name="com.apiumtech.spider.parser.PaginasAmarillasFichaParserTest" tests="10" failures="0" timestamp="5 Jul 2013 15:41:56 GMT" time="0.042" errors="0">
  <testcase name="test_getEnterpriseDataFromPAHtml" time="0.005" classname="com.apiumtech.spider.parser.PaginasAmarillasFichaParserTest"/>
  <testcase name="testParseTxtToHTml" time="0.002" classname="com.apiumtech.spider.parser.PaginasAmarillasFichaParserTest"/>
  <testcase name="test_getRegionFromPAHtml" time="0.000" classname="com.apiumtech.spider.parser.PaginasAmarillasFichaParserTest"/>
  <testcase name="test_getPostalCodeFromPAHtml" time="0.000" classname="com.apiumtech.spider.parser.PaginasAmarillasFichaParserTest"/>
  <testcase name="test_getParamsFromPAHtml" time="0.001" classname="com.apiumtech.spider.parser.PaginasAmarillasFichaParserTest"/>
  <testcase name="test_getPhoneDataFromPAHtml" time="0.002" classname="com.apiumtech.spider.parser.PaginasAmarillasFichaParserTest"/>
  <testcase name="testGetTitleFromPAHtml" time="0.001" classname="com.apiumtech.spider.parser.PaginasAmarillasFichaParserTest"/>
  <testcase name="test_getAddressFromPAHtml" time="0.001" classname="com.apiumtech.spider.parser.PaginasAmarillasFichaParserTest"/>
  <testcase name="test_getEnterpriseIdPAHtml" time="0.030" classname="com.apiumtech.spider.parser.PaginasAmarillasFichaParserTest"/>
  <testcase name="test_getLocalityFromPAHtml" time="0.000" classname="com.apiumtech.spider.parser.PaginasAmarillasFichaParserTest"/>
</testsuite> <!-- com.apiumtech.spider.parser.PaginasAmarillasFichaParserTest -->
