<?xml version="1.0" encoding="UTF-8"?>
<!-- Generated by org.testng.reporters.JUnitReportReporter -->
<testsuite hostname="macbook-pro-de-evgeny-predein.local" name="com.apiumtech.spider.si.AgentSiRSS_Test" tests="3" failures="0" timestamp="5 Jul 2013 15:55:02 GMT" time="0.105" errors="0">
  <testcase name="test_start_feedRootPage" time="0.029" classname="com.apiumtech.spider.si.AgentSiRSS_Test"/>
  <testcase name="test_Name" time="0.000" classname="com.apiumtech.spider.si.AgentSiRSS_Test"/>
  <testcase name="test_getRequest_" time="0.076" classname="com.apiumtech.spider.si.AgentSiRSS_Test"/>
</testsuite> <!-- com.apiumtech.spider.si.AgentSiRSS_Test -->
