<?xml version="1.0" encoding="UTF-8"?>
<!-- Generated by org.testng.reporters.JUnitReportReporter -->
<testsuite hostname="macbook-pro-de-evgeny-predein.local" name="com.apiumtech.spider.agent.AgentsManagerTest" tests="2" failures="0" timestamp="5 Jul 2013 15:55:02 GMT" time="0.010" errors="0">
  <testcase name="testStopAgentsManager" time="0.001" classname="com.apiumtech.spider.agent.AgentsManagerTest"/>
  <testcase name="testRun" time="0.009" classname="com.apiumtech.spider.agent.AgentsManagerTest"/>
</testsuite> <!-- com.apiumtech.spider.agent.AgentsManagerTest -->
