<?xml version="1.0" encoding="UTF-8"?>
<!-- Generated by org.testng.reporters.JUnitReportReporter -->
<testsuite hostname="macbook-pro-de-evgeny-predein.local" name="com.apiumtech.spider.util.SpiderGettedFileTest" tests="6" failures="0" timestamp="5 Jul 2013 15:55:02 GMT" time="0.005" errors="0">
  <testcase name="test_parseFaxNumber_" time="0.002" classname="com.apiumtech.spider.util.SpiderGettedFileTest"/>
  <testcase name="test_parseFaxNumber_" time="0.000" classname="com.apiumtech.spider.util.SpiderGettedFileTest"/>
  <testcase name="test_parseFaxNumber_" time="0.001" classname="com.apiumtech.spider.util.SpiderGettedFileTest"/>
  <testcase name="test_parseFaxNumber_" time="0.001" classname="com.apiumtech.spider.util.SpiderGettedFileTest"/>
  <testcase name="test_parseFaxNumber_" time="0.000" classname="com.apiumtech.spider.util.SpiderGettedFileTest"/>
  <testcase name="test_parseFaxNumber_" time="0.001" classname="com.apiumtech.spider.util.SpiderGettedFileTest"/>
</testsuite> <!-- com.apiumtech.spider.util.SpiderGettedFileTest -->
