<?xml version="1.0" encoding="UTF-8"?>
<!-- Generated by org.testng.reporters.JUnitReportReporter -->
<testsuite hostname="macbook-pro-de-evgeny-predein.local" name="com.apiumtech.spider.si.SpiderSiRSS_Test" tests="1" failures="0" timestamp="5 Jul 2013 15:55:02 GMT" time="5.532" errors="0">
  <testcase name="test_getNewsFromRSSserver_foxRSS_searchRSSfeeds" time="5.532" classname="com.apiumtech.spider.si.SpiderSiRSS_Test"/>
</testsuite> <!-- com.apiumtech.spider.si.SpiderSiRSS_Test -->
