<?xml version="1.0" encoding="UTF-8"?>
<!-- Generated by org.testng.reporters.JUnitReportReporter -->
<testsuite hostname="macbook-pro-de-evgeny-predein.local" name="com.apiumtech.spider.HttpDownloaderTest" tests="7" failures="0" timestamp="5 Jul 2013 15:41:56 GMT" time="0.786" errors="0">
  <testcase name="testGetRequestBinary" time="0.000" classname="com.apiumtech.spider.HttpDownloaderTest"/>
  <testcase name="testGetProxy" time="0.000" classname="com.apiumtech.spider.HttpDownloaderTest"/>
  <testcase name="testGetRequest" time="0.785" classname="com.apiumtech.spider.HttpDownloaderTest"/>
  <testcase name="testSetProxy" time="0.000" classname="com.apiumtech.spider.HttpDownloaderTest"/>
  <testcase name="testPostRequest" time="0.000" classname="com.apiumtech.spider.HttpDownloaderTest"/>
  <testcase name="testIsInCache" time="0.000" classname="com.apiumtech.spider.HttpDownloaderTest"/>
  <testcase name="test_getCacheFileName_url_parsedUrlWritebleToFile" time="0.001" classname="com.apiumtech.spider.HttpDownloaderTest"/>
</testsuite> <!-- com.apiumtech.spider.HttpDownloaderTest -->
