<?xml version="1.0" encoding="UTF-8"?>
<!-- Generated by org.testng.reporters.JUnitReportReporter -->
<testsuite hostname="macbook-pro-de-evgeny-predein.local" name="com.apiumtech.spider.si.SpiderSiRSS_Test" tests="1" failures="0" timestamp="5 Jul 2013 15:41:56 GMT" time="12.465" errors="0">
  <testcase name="test_getNewsFromRSSserver_foxRSS_searchRSSfeeds" time="12.465" classname="com.apiumtech.spider.si.SpiderSiRSS_Test"/>
</testsuite> <!-- com.apiumtech.spider.si.SpiderSiRSS_Test -->
