<?xml version="1.0" encoding="UTF-8"?>
<!-- Generated by org.testng.reporters.JUnitReportReporter -->
<testsuite hostname="macbook-pro-de-evgeny-predein.local" name="com.apiumtech.spider.SpiderGutenbergTest" tests="1" failures="0" timestamp="5 Jul 2013 15:55:02 GMT" time="15.130" errors="0">
  <testcase name="test_do" time="15.130" classname="com.apiumtech.spider.SpiderGutenbergTest"/>
</testsuite> <!-- com.apiumtech.spider.SpiderGutenbergTest -->
